{"C:\\MAINFOLDER\\University\\SPRING 2025\\Software Engineering\\Project\\Software-Design-Project\\src\\App.jsx": {"path":"C:\\MAINFOLDER\\University\\SPRING 2025\\Software Engineering\\Project\\Software-Design-Project\\src\\App.jsx","statementMap":{"0":{"start":{"line":15,"column":2},"end":{"line":29,"column":4}}},"fnMap":{"0":{"name":"App","decl":{"start":{"line":14,"column":9},"end":{"line":14,"column":12}},"loc":{"start":{"line":14,"column":15},"end":{"line":30,"column":1}},"line":14}},"branchMap":{},"s":{"0":0},"f":{"0":0},"b":{}}
,"C:\\MAINFOLDER\\University\\SPRING 2025\\Software Engineering\\Project\\Software-Design-Project\\src\\classes\\Child.js": {"path":"C:\\MAINFOLDER\\University\\SPRING 2025\\Software Engineering\\Project\\Software-Design-Project\\src\\classes\\Child.js","statementMap":{"0":{"start":{"line":5,"column":8},"end":{"line":5,"column":29}}},"fnMap":{"0":{"name":"(anonymous_0)","decl":{"start":{"line":4,"column":4},"end":{"line":4,"column":5}},"loc":{"start":{"line":4,"column":22},"end":{"line":6,"column":5}},"line":4}},"branchMap":{},"s":{"0":0},"f":{"0":0},"b":{}}
,"C:\\MAINFOLDER\\University\\SPRING 2025\\Software Engineering\\Project\\Software-Design-Project\\src\\classes\\Parent.js": {"path":"C:\\MAINFOLDER\\University\\SPRING 2025\\Software Engineering\\Project\\Software-Design-Project\\src\\classes\\Parent.js","statementMap":{"0":{"start":{"line":5,"column":8},"end":{"line":5,"column":30}},"1":{"start":{"line":6,"column":8},"end":{"line":6,"column":26}},"2":{"start":{"line":10,"column":8},"end":{"line":10,"column":49}},"3":{"start":{"line":14,"column":8},"end":{"line":14,"column":77}},"4":{"start":{"line":18,"column":8},"end":{"line":18,"column":74}},"5":{"start":{"line":22,"column":8},"end":{"line":22,"column":34}},"6":{"start":{"line":23,"column":8},"end":{"line":23,"column":71}},"7":{"start":{"line":27,"column":8},"end":{"line":27,"column":86}}},"fnMap":{"0":{"name":"(anonymous_0)","decl":{"start":{"line":4,"column":4},"end":{"line":4,"column":5}},"loc":{"start":{"line":4,"column":22},"end":{"line":7,"column":5}},"line":4},"1":{"name":"(anonymous_1)","decl":{"start":{"line":9,"column":4},"end":{"line":9,"column":5}},"loc":{"start":{"line":9,"column":20},"end":{"line":11,"column":5}},"line":9},"2":{"name":"(anonymous_2)","decl":{"start":{"line":13,"column":4},"end":{"line":13,"column":5}},"loc":{"start":{"line":13,"column":28},"end":{"line":15,"column":5}},"line":13},"3":{"name":"(anonymous_3)","decl":{"start":{"line":17,"column":4},"end":{"line":17,"column":5}},"loc":{"start":{"line":17,"column":32},"end":{"line":19,"column":5}},"line":17},"4":{"name":"(anonymous_4)","decl":{"start":{"line":21,"column":4},"end":{"line":21,"column":5}},"loc":{"start":{"line":21,"column":23},"end":{"line":24,"column":5}},"line":21},"5":{"name":"(anonymous_5)","decl":{"start":{"line":26,"column":4},"end":{"line":26,"column":5}},"loc":{"start":{"line":26,"column":27},"end":{"line":28,"column":5}},"line":26}},"branchMap":{},"s":{"0":0,"1":0,"2":0,"3":0,"4":0,"5":0,"6":0,"7":0},"f":{"0":0,"1":0,"2":0,"3":0,"4":0,"5":0},"b":{}}
,"C:\\MAINFOLDER\\University\\SPRING 2025\\Software Engineering\\Project\\Software-Design-Project\\src\\classes\\Task.js": {"path":"C:\\MAINFOLDER\\University\\SPRING 2025\\Software Engineering\\Project\\Software-Design-Project\\src\\classes\\Task.js","statementMap":{"0":{"start":{"line":4,"column":4},"end":{"line":9,"column":5}},"1":{"start":{"line":5,"column":6},"end":{"line":5,"column":26}},"2":{"start":{"line":8,"column":6},"end":{"line":8,"column":29}},"3":{"start":{"line":10,"column":4},"end":{"line":10,"column":31}},"4":{"start":{"line":11,"column":4},"end":{"line":11,"column":43}},"5":{"start":{"line":12,"column":4},"end":{"line":12,"column":29}},"6":{"start":{"line":13,"column":4},"end":{"line":13,"column":37}},"7":{"start":{"line":14,"column":4},"end":{"line":14,"column":33}}},"fnMap":{"0":{"name":"(anonymous_0)","decl":{"start":{"line":3,"column":2},"end":{"line":3,"column":3}},"loc":{"start":{"line":3,"column":86},"end":{"line":15,"column":3}},"line":3}},"branchMap":{"0":{"loc":{"start":{"line":4,"column":4},"end":{"line":9,"column":5}},"type":"if","locations":[{"start":{"line":4,"column":4},"end":{"line":9,"column":5}},{"start":{"line":7,"column":9},"end":{"line":9,"column":5}}],"line":4}},"s":{"0":2,"1":1,"2":1,"3":2,"4":2,"5":2,"6":2,"7":2},"f":{"0":2},"b":{"0":[1,1]},"_coverageSchema":"1a1c01bbd47fc00a2c39e90264f33305004495a9","hash":"3fd52473bf49ef990c42bf8b0c94a2910768d786"}
,"C:\\MAINFOLDER\\University\\SPRING 2025\\Software Engineering\\Project\\Software-Design-Project\\src\\classes\\User.js": {"path":"C:\\MAINFOLDER\\University\\SPRING 2025\\Software Engineering\\Project\\Software-Design-Project\\src\\classes\\User.js","statementMap":{"0":{"start":{"line":3,"column":8},"end":{"line":3,"column":25}},"1":{"start":{"line":4,"column":8},"end":{"line":4,"column":25}}},"fnMap":{"0":{"name":"(anonymous_0)","decl":{"start":{"line":2,"column":4},"end":{"line":2,"column":5}},"loc":{"start":{"line":2,"column":28},"end":{"line":5,"column":5}},"line":2}},"branchMap":{},"s":{"0":0,"1":0},"f":{"0":0},"b":{}}
,"C:\\MAINFOLDER\\University\\SPRING 2025\\Software Engineering\\Project\\Software-Design-Project\\src\\components\\AssignedTasksList.jsx": {"path":"C:\\MAINFOLDER\\University\\SPRING 2025\\Software Engineering\\Project\\Software-Design-Project\\src\\components\\AssignedTasksList.jsx","statementMap":{"0":{"start":{"line":4,"column":32},"end":{"line":40,"column":1}},"1":{"start":{"line":5,"column":26},"end":{"line":5,"column":44}},"2":{"start":{"line":6,"column":44},"end":{"line":6,"column":56}},"3":{"start":{"line":8,"column":2},"end":{"line":12,"column":33}},"4":{"start":{"line":9,"column":24},"end":{"line":9,"column":73}},"5":{"start":{"line":10,"column":21},"end":{"line":10,"column":94}},"6":{"start":{"line":11,"column":4},"end":{"line":11,"column":31}},"7":{"start":{"line":15,"column":4},"end":{"line":17,"column":47}},"8":{"start":{"line":20,"column":4},"end":{"line":22,"column":87}},"9":{"start":{"line":24,"column":2},"end":{"line":39,"column":4}},"10":{"start":{"line":31,"column":14},"end":{"line":31,"column":74}}},"fnMap":{"0":{"name":"(anonymous_0)","decl":{"start":{"line":4,"column":32},"end":{"line":4,"column":33}},"loc":{"start":{"line":4,"column":60},"end":{"line":40,"column":1}},"line":4},"1":{"name":"(anonymous_1)","decl":{"start":{"line":8,"column":12},"end":{"line":8,"column":13}},"loc":{"start":{"line":8,"column":18},"end":{"line":12,"column":3}},"line":8},"2":{"name":"(anonymous_2)","decl":{"start":{"line":30,"column":31},"end":{"line":30,"column":32}},"loc":{"start":{"line":31,"column":14},"end":{"line":31,"column":74}},"line":31}},"branchMap":{"0":{"loc":{"start":{"line":10,"column":21},"end":{"line":10,"column":94}},"type":"cond-expr","locations":[{"start":{"line":10,"column":64},"end":{"line":10,"column":89}},{"start":{"line":10,"column":92},"end":{"line":10,"column":94}}],"line":10},"1":{"loc":{"start":{"line":10,"column":21},"end":{"line":10,"column":61}},"type":"binary-expr","locations":[{"start":{"line":10,"column":21},"end":{"line":10,"column":32}},{"start":{"line":10,"column":36},"end":{"line":10,"column":61}}],"line":10},"2":{"loc":{"start":{"line":15,"column":4},"end":{"line":17,"column":47}},"type":"cond-expr","locations":[{"start":{"line":16,"column":8},"end":{"line":16,"column":49}},{"start":{"line":17,"column":8},"end":{"line":17,"column":47}}],"line":15},"3":{"loc":{"start":{"line":20,"column":4},"end":{"line":22,"column":87}},"type":"cond-expr","locations":[{"start":{"line":21,"column":8},"end":{"line":21,"column":91}},{"start":{"line":22,"column":8},"end":{"line":22,"column":87}}],"line":20},"4":{"loc":{"start":{"line":28,"column":9},"end":{"line":36,"column":9}},"type":"cond-expr","locations":[{"start":{"line":29,"column":10},"end":{"line":33,"column":16}},{"start":{"line":35,"column":10},"end":{"line":35,"column":76}}],"line":28}},"s":{"0":0,"1":0,"2":0,"3":0,"4":0,"5":0,"6":0,"7":0,"8":0,"9":0,"10":0},"f":{"0":0,"1":0,"2":0},"b":{"0":[0,0],"1":[0,0],"2":[0,0],"3":[0,0],"4":[0,0]}}
,"C:\\MAINFOLDER\\University\\SPRING 2025\\Software Engineering\\Project\\Software-Design-Project\\src\\components\\Character.jsx": {"path":"C:\\MAINFOLDER\\University\\SPRING 2025\\Software Engineering\\Project\\Software-Design-Project\\src\\components\\Character.jsx","statementMap":{"0":{"start":{"line":4,"column":25},"end":{"line":17,"column":1}},"1":{"start":{"line":5,"column":25},"end":{"line":5,"column":38}},"2":{"start":{"line":6,"column":4},"end":{"line":9,"column":5}},"3":{"start":{"line":8,"column":8},"end":{"line":8,"column":82}},"4":{"start":{"line":10,"column":4},"end":{"line":16,"column":5}}},"fnMap":{"0":{"name":"(anonymous_0)","decl":{"start":{"line":4,"column":25},"end":{"line":4,"column":26}},"loc":{"start":{"line":4,"column":44},"end":{"line":17,"column":1}},"line":4}},"branchMap":{"0":{"loc":{"start":{"line":6,"column":4},"end":{"line":9,"column":5}},"type":"if","locations":[{"start":{"line":6,"column":4},"end":{"line":9,"column":5}},{"start":{},"end":{}}],"line":6},"1":{"loc":{"start":{"line":8,"column":25},"end":{"line":8,"column":81}},"type":"cond-expr","locations":[{"start":{"line":8,"column":50},"end":{"line":8,"column":65}},{"start":{"line":8,"column":68},"end":{"line":8,"column":81}}],"line":8}},"s":{"0":0,"1":0,"2":0,"3":0,"4":0},"f":{"0":0},"b":{"0":[0,0],"1":[0,0]}}
,"C:\\MAINFOLDER\\University\\SPRING 2025\\Software Engineering\\Project\\Software-Design-Project\\src\\components\\CharacterBubble.jsx": {"path":"C:\\MAINFOLDER\\University\\SPRING 2025\\Software Engineering\\Project\\Software-Design-Project\\src\\components\\CharacterBubble.jsx","statementMap":{},"fnMap":{},"branchMap":{},"s":{},"f":{},"b":{}}
,"C:\\MAINFOLDER\\University\\SPRING 2025\\Software Engineering\\Project\\Software-Design-Project\\src\\components\\ChildBubble.jsx": {"path":"C:\\MAINFOLDER\\University\\SPRING 2025\\Software Engineering\\Project\\Software-Design-Project\\src\\components\\ChildBubble.jsx","statementMap":{"0":{"start":{"line":4,"column":27},"end":{"line":24,"column":1}},"1":{"start":{"line":5,"column":20},"end":{"line":5,"column":48}},"2":{"start":{"line":6,"column":25},"end":{"line":9,"column":5}},"3":{"start":{"line":7,"column":8},"end":{"line":7,"column":29}},"4":{"start":{"line":8,"column":8},"end":{"line":8,"column":25}},"5":{"start":{"line":11,"column":4},"end":{"line":23,"column":6}}},"fnMap":{"0":{"name":"(anonymous_0)","decl":{"start":{"line":4,"column":27},"end":{"line":4,"column":28}},"loc":{"start":{"line":4,"column":72},"end":{"line":24,"column":1}},"line":4},"1":{"name":"(anonymous_1)","decl":{"start":{"line":6,"column":25},"end":{"line":6,"column":26}},"loc":{"start":{"line":6,"column":31},"end":{"line":9,"column":5}},"line":6}},"branchMap":{},"s":{"0":1,"1":22,"2":22,"3":0,"4":0,"5":22},"f":{"0":22,"1":0},"b":{},"_coverageSchema":"1a1c01bbd47fc00a2c39e90264f33305004495a9","hash":"0e8fd6bd507324c139ddfedb2a01618ab022480a"}
,"C:\\MAINFOLDER\\University\\SPRING 2025\\Software Engineering\\Project\\Software-Design-Project\\src\\components\\CreateTaskCard.jsx": {"path":"C:\\MAINFOLDER\\University\\SPRING 2025\\Software Engineering\\Project\\Software-Design-Project\\src\\components\\CreateTaskCard.jsx","statementMap":{"0":{"start":{"line":4,"column":30},"end":{"line":113,"column":1}},"1":{"start":{"line":5,"column":36},"end":{"line":5,"column":48}},"2":{"start":{"line":6,"column":34},"end":{"line":6,"column":46}},"3":{"start":{"line":7,"column":48},"end":{"line":7,"column":60}},"4":{"start":{"line":8,"column":42},"end":{"line":8,"column":60}},"5":{"start":{"line":10,"column":21},"end":{"line":29,"column":3}},"6":{"start":{"line":11,"column":4},"end":{"line":14,"column":5}},"7":{"start":{"line":12,"column":6},"end":{"line":12,"column":42}},"8":{"start":{"line":13,"column":6},"end":{"line":13,"column":13}},"9":{"start":{"line":15,"column":4},"end":{"line":23,"column":6}},"10":{"start":{"line":25,"column":4},"end":{"line":25,"column":21}},"11":{"start":{"line":26,"column":4},"end":{"line":26,"column":20}},"12":{"start":{"line":27,"column":4},"end":{"line":27,"column":27}},"13":{"start":{"line":28,"column":4},"end":{"line":28,"column":30}},"14":{"start":{"line":33,"column":4},"end":{"line":37,"column":24}},"15":{"start":{"line":39,"column":4},"end":{"line":43,"column":25}},"16":{"start":{"line":45,"column":4},"end":{"line":49,"column":23}},"17":{"start":{"line":51,"column":2},"end":{"line":112,"column":4}},"18":{"start":{"line":61,"column":31},"end":{"line":61,"column":59}},"19":{"start":{"line":70,"column":31},"end":{"line":70,"column":58}},"20":{"start":{"line":79,"column":31},"end":{"line":79,"column":65}},"21":{"start":{"line":87,"column":31},"end":{"line":87,"column":62}}},"fnMap":{"0":{"name":"(anonymous_0)","decl":{"start":{"line":4,"column":30},"end":{"line":4,"column":31}},"loc":{"start":{"line":4,"column":63},"end":{"line":113,"column":1}},"line":4},"1":{"name":"(anonymous_1)","decl":{"start":{"line":10,"column":21},"end":{"line":10,"column":22}},"loc":{"start":{"line":10,"column":27},"end":{"line":29,"column":3}},"line":10},"2":{"name":"(anonymous_2)","decl":{"start":{"line":61,"column":24},"end":{"line":61,"column":25}},"loc":{"start":{"line":61,"column":31},"end":{"line":61,"column":59}},"line":61},"3":{"name":"(anonymous_3)","decl":{"start":{"line":70,"column":24},"end":{"line":70,"column":25}},"loc":{"start":{"line":70,"column":31},"end":{"line":70,"column":58}},"line":70},"4":{"name":"(anonymous_4)","decl":{"start":{"line":79,"column":24},"end":{"line":79,"column":25}},"loc":{"start":{"line":79,"column":31},"end":{"line":79,"column":65}},"line":79},"5":{"name":"(anonymous_5)","decl":{"start":{"line":87,"column":24},"end":{"line":87,"column":25}},"loc":{"start":{"line":87,"column":31},"end":{"line":87,"column":62}},"line":87}},"branchMap":{"0":{"loc":{"start":{"line":11,"column":4},"end":{"line":14,"column":5}},"type":"if","locations":[{"start":{"line":11,"column":4},"end":{"line":14,"column":5}},{"start":{},"end":{}}],"line":11},"1":{"loc":{"start":{"line":11,"column":8},"end":{"line":11,"column":51}},"type":"binary-expr","locations":[{"start":{"line":11,"column":8},"end":{"line":11,"column":18}},{"start":{"line":11,"column":22},"end":{"line":11,"column":31}},{"start":{"line":11,"column":35},"end":{"line":11,"column":51}}],"line":11},"2":{"loc":{"start":{"line":33,"column":4},"end":{"line":37,"column":24}},"type":"cond-expr","locations":[{"start":{"line":34,"column":8},"end":{"line":34,"column":26}},{"start":{"line":35,"column":8},"end":{"line":37,"column":24}}],"line":33},"3":{"loc":{"start":{"line":35,"column":8},"end":{"line":37,"column":24}},"type":"cond-expr","locations":[{"start":{"line":36,"column":8},"end":{"line":36,"column":24}},{"start":{"line":37,"column":8},"end":{"line":37,"column":24}}],"line":35},"4":{"loc":{"start":{"line":39,"column":4},"end":{"line":43,"column":25}},"type":"cond-expr","locations":[{"start":{"line":40,"column":8},"end":{"line":40,"column":27}},{"start":{"line":41,"column":8},"end":{"line":43,"column":25}}],"line":39},"5":{"loc":{"start":{"line":41,"column":8},"end":{"line":43,"column":25}},"type":"cond-expr","locations":[{"start":{"line":42,"column":8},"end":{"line":42,"column":25}},{"start":{"line":43,"column":8},"end":{"line":43,"column":25}}],"line":41},"6":{"loc":{"start":{"line":45,"column":4},"end":{"line":49,"column":23}},"type":"cond-expr","locations":[{"start":{"line":46,"column":8},"end":{"line":46,"column":25}},{"start":{"line":47,"column":8},"end":{"line":49,"column":23}}],"line":45},"7":{"loc":{"start":{"line":47,"column":8},"end":{"line":49,"column":23}},"type":"cond-expr","locations":[{"start":{"line":48,"column":8},"end":{"line":48,"column":23}},{"start":{"line":49,"column":8},"end":{"line":49,"column":23}}],"line":47}},"s":{"0":3,"1":20,"2":20,"3":20,"4":20,"5":20,"6":4,"7":1,"8":1,"9":3,"10":3,"11":3,"12":3,"13":3,"14":20,"15":20,"16":20,"17":20,"18":3,"19":3,"20":3,"21":0},"f":{"0":20,"1":4,"2":3,"3":3,"4":3,"5":0},"b":{"0":[1,3],"1":[4,3,3],"2":[1,19],"3":[1,18],"4":[1,19],"5":[1,18],"6":[1,19],"7":[1,18]},"_coverageSchema":"1a1c01bbd47fc00a2c39e90264f33305004495a9","hash":"6625424c261c0659cca189c535195ef23f9e58a3"}
,"C:\\MAINFOLDER\\University\\SPRING 2025\\Software Engineering\\Project\\Software-Design-Project\\src\\components\\EditTaskCard.jsx": {"path":"C:\\MAINFOLDER\\University\\SPRING 2025\\Software Engineering\\Project\\Software-Design-Project\\src\\components\\EditTaskCard.jsx","statementMap":{"0":{"start":{"line":4,"column":28},"end":{"line":110,"column":1}},"1":{"start":{"line":5,"column":36},"end":{"line":5,"column":67}},"2":{"start":{"line":6,"column":34},"end":{"line":6,"column":64}},"3":{"start":{"line":7,"column":48},"end":{"line":9,"column":3}},"4":{"start":{"line":10,"column":42},"end":{"line":10,"column":76}},"5":{"start":{"line":12,"column":21},"end":{"line":40,"column":3}},"6":{"start":{"line":13,"column":4},"end":{"line":16,"column":5}},"7":{"start":{"line":14,"column":6},"end":{"line":14,"column":42}},"8":{"start":{"line":15,"column":6},"end":{"line":15,"column":13}},"9":{"start":{"line":27,"column":4},"end":{"line":27,"column":68}},"10":{"start":{"line":28,"column":4},"end":{"line":33,"column":7}},"11":{"start":{"line":36,"column":4},"end":{"line":36,"column":21}},"12":{"start":{"line":37,"column":4},"end":{"line":37,"column":20}},"13":{"start":{"line":38,"column":4},"end":{"line":38,"column":27}},"14":{"start":{"line":39,"column":4},"end":{"line":39,"column":30}},"15":{"start":{"line":42,"column":2},"end":{"line":109,"column":4}},"16":{"start":{"line":54,"column":31},"end":{"line":54,"column":59}},"17":{"start":{"line":65,"column":31},"end":{"line":65,"column":58}},"18":{"start":{"line":74,"column":31},"end":{"line":74,"column":65}},"19":{"start":{"line":83,"column":31},"end":{"line":83,"column":62}}},"fnMap":{"0":{"name":"(anonymous_0)","decl":{"start":{"line":4,"column":28},"end":{"line":4,"column":29}},"loc":{"start":{"line":4,"column":67},"end":{"line":110,"column":1}},"line":4},"1":{"name":"(anonymous_1)","decl":{"start":{"line":12,"column":21},"end":{"line":12,"column":22}},"loc":{"start":{"line":12,"column":27},"end":{"line":40,"column":3}},"line":12},"2":{"name":"(anonymous_2)","decl":{"start":{"line":54,"column":24},"end":{"line":54,"column":25}},"loc":{"start":{"line":54,"column":31},"end":{"line":54,"column":59}},"line":54},"3":{"name":"(anonymous_3)","decl":{"start":{"line":65,"column":24},"end":{"line":65,"column":25}},"loc":{"start":{"line":65,"column":31},"end":{"line":65,"column":58}},"line":65},"4":{"name":"(anonymous_4)","decl":{"start":{"line":74,"column":24},"end":{"line":74,"column":25}},"loc":{"start":{"line":74,"column":31},"end":{"line":74,"column":65}},"line":74},"5":{"name":"(anonymous_5)","decl":{"start":{"line":83,"column":24},"end":{"line":83,"column":25}},"loc":{"start":{"line":83,"column":31},"end":{"line":83,"column":62}},"line":83}},"branchMap":{"0":{"loc":{"start":{"line":13,"column":4},"end":{"line":16,"column":5}},"type":"if","locations":[{"start":{"line":13,"column":4},"end":{"line":16,"column":5}},{"start":{},"end":{}}],"line":13},"1":{"loc":{"start":{"line":13,"column":8},"end":{"line":13,"column":51}},"type":"binary-expr","locations":[{"start":{"line":13,"column":8},"end":{"line":13,"column":18}},{"start":{"line":13,"column":22},"end":{"line":13,"column":31}},{"start":{"line":13,"column":35},"end":{"line":13,"column":51}}],"line":13}},"s":{"0":2,"1":11,"2":11,"3":11,"4":11,"5":11,"6":2,"7":1,"8":1,"9":1,"10":1,"11":1,"12":1,"13":1,"14":1,"15":11,"16":2,"17":1,"18":1,"19":1},"f":{"0":11,"1":2,"2":2,"3":1,"4":1,"5":1},"b":{"0":[1,1],"1":[2,1,1]},"_coverageSchema":"1a1c01bbd47fc00a2c39e90264f33305004495a9","hash":"28982e79abf847a51a8c59dd08feebe9010ef1b2"}
,"C:\\MAINFOLDER\\University\\SPRING 2025\\Software Engineering\\Project\\Software-Design-Project\\src\\components\\ManageChildList.jsx": {"path":"C:\\MAINFOLDER\\University\\SPRING 2025\\Software Engineering\\Project\\Software-Design-Project\\src\\components\\ManageChildList.jsx","statementMap":{"0":{"start":{"line":5,"column":31},"end":{"line":74,"column":1}},"1":{"start":{"line":6,"column":26},"end":{"line":6,"column":44}},"2":{"start":{"line":8,"column":44},"end":{"line":8,"column":56}},"3":{"start":{"line":9,"column":44},"end":{"line":9,"column":59}},"4":{"start":{"line":12,"column":2},"end":{"line":19,"column":33}},"5":{"start":{"line":13,"column":24},"end":{"line":13,"column":73}},"6":{"start":{"line":14,"column":4},"end":{"line":18,"column":5}},"7":{"start":{"line":15,"column":6},"end":{"line":15,"column":50}},"8":{"start":{"line":17,"column":6},"end":{"line":17,"column":27}},"9":{"start":{"line":22,"column":27},"end":{"line":31,"column":3}},"10":{"start":{"line":23,"column":4},"end":{"line":23,"column":28}},"11":{"start":{"line":24,"column":25},"end":{"line":24,"column":52}},"12":{"start":{"line":25,"column":4},"end":{"line":25,"column":35}},"13":{"start":{"line":27,"column":6},"end":{"line":28,"column":84}},"14":{"start":{"line":29,"column":4},"end":{"line":29,"column":45}},"15":{"start":{"line":30,"column":4},"end":{"line":30,"column":71}},"16":{"start":{"line":34,"column":23},"end":{"line":40,"column":3}},"17":{"start":{"line":35,"column":25},"end":{"line":35,"column":79}},"18":{"start":{"line":35,"column":56},"end":{"line":35,"column":78}},"19":{"start":{"line":36,"column":4},"end":{"line":36,"column":35}},"20":{"start":{"line":37,"column":24},"end":{"line":37,"column":79}},"21":{"start":{"line":38,"column":4},"end":{"line":38,"column":45}},"22":{"start":{"line":39,"column":4},"end":{"line":39,"column":71}},"23":{"start":{"line":42,"column":2},"end":{"line":73,"column":4}},"24":{"start":{"line":48,"column":26},"end":{"line":48,"column":49}},"25":{"start":{"line":56,"column":16},"end":{"line":56,"column":95}},"26":{"start":{"line":67,"column":25},"end":{"line":67,"column":47}}},"fnMap":{"0":{"name":"(anonymous_0)","decl":{"start":{"line":5,"column":31},"end":{"line":5,"column":32}},"loc":{"start":{"line":5,"column":48},"end":{"line":74,"column":1}},"line":5},"1":{"name":"(anonymous_1)","decl":{"start":{"line":12,"column":12},"end":{"line":12,"column":13}},"loc":{"start":{"line":12,"column":18},"end":{"line":19,"column":3}},"line":12},"2":{"name":"(anonymous_2)","decl":{"start":{"line":22,"column":27},"end":{"line":22,"column":28}},"loc":{"start":{"line":22,"column":40},"end":{"line":31,"column":3}},"line":22},"3":{"name":"(anonymous_3)","decl":{"start":{"line":34,"column":23},"end":{"line":34,"column":24}},"loc":{"start":{"line":34,"column":35},"end":{"line":40,"column":3}},"line":34},"4":{"name":"(anonymous_4)","decl":{"start":{"line":35,"column":46},"end":{"line":35,"column":47}},"loc":{"start":{"line":35,"column":56},"end":{"line":35,"column":78}},"line":35},"5":{"name":"(anonymous_5)","decl":{"start":{"line":48,"column":20},"end":{"line":48,"column":21}},"loc":{"start":{"line":48,"column":26},"end":{"line":48,"column":49}},"line":48},"6":{"name":"(anonymous_6)","decl":{"start":{"line":55,"column":33},"end":{"line":55,"column":34}},"loc":{"start":{"line":56,"column":16},"end":{"line":56,"column":95}},"line":56},"7":{"name":"(anonymous_7)","decl":{"start":{"line":67,"column":19},"end":{"line":67,"column":20}},"loc":{"start":{"line":67,"column":25},"end":{"line":67,"column":47}},"line":67}},"branchMap":{"0":{"loc":{"start":{"line":14,"column":4},"end":{"line":18,"column":5}},"type":"if","locations":[{"start":{"line":14,"column":4},"end":{"line":18,"column":5}},{"start":{"line":16,"column":11},"end":{"line":18,"column":5}}],"line":14},"1":{"loc":{"start":{"line":14,"column":8},"end":{"line":14,"column":48}},"type":"binary-expr","locations":[{"start":{"line":14,"column":8},"end":{"line":14,"column":19}},{"start":{"line":14,"column":23},"end":{"line":14,"column":48}}],"line":14},"2":{"loc":{"start":{"line":27,"column":6},"end":{"line":28,"column":84}},"type":"binary-expr","locations":[{"start":{"line":27,"column":6},"end":{"line":27,"column":55}},{"start":{"line":28,"column":6},"end":{"line":28,"column":84}}],"line":27},"3":{"loc":{"start":{"line":37,"column":24},"end":{"line":37,"column":79}},"type":"binary-expr","locations":[{"start":{"line":37,"column":24},"end":{"line":37,"column":73}},{"start":{"line":37,"column":77},"end":{"line":37,"column":79}}],"line":37},"4":{"loc":{"start":{"line":45,"column":7},"end":{"line":63,"column":7}},"type":"cond-expr","locations":[{"start":{"line":46,"column":8},"end":{"line":50,"column":10}},{"start":{"line":52,"column":8},"end":{"line":62,"column":14}}],"line":45},"5":{"loc":{"start":{"line":53,"column":11},"end":{"line":61,"column":11}},"type":"cond-expr","locations":[{"start":{"line":54,"column":12},"end":{"line":58,"column":18}},{"start":{"line":60,"column":12},"end":{"line":60,"column":69}}],"line":53},"6":{"loc":{"start":{"line":64,"column":7},"end":{"line":71,"column":7}},"type":"binary-expr","locations":[{"start":{"line":64,"column":7},"end":{"line":64,"column":21}},{"start":{"line":65,"column":8},"end":{"line":70,"column":17}}],"line":64}},"s":{"0":1,"1":0,"2":0,"3":0,"4":0,"5":0,"6":0,"7":0,"8":0,"9":0,"10":0,"11":0,"12":0,"13":0,"14":0,"15":0,"16":0,"17":0,"18":0,"19":0,"20":0,"21":0,"22":0,"23":0,"24":0,"25":0,"26":0},"f":{"0":0,"1":0,"2":0,"3":0,"4":0,"5":0,"6":0,"7":0},"b":{"0":[0,0],"1":[0,0],"2":[0,0],"3":[0,0],"4":[0,0],"5":[0,0],"6":[0,0]},"_coverageSchema":"1a1c01bbd47fc00a2c39e90264f33305004495a9","hash":"a7df3474ab38bf7c422a31f7f44d896ae7e37562"}
,"C:\\MAINFOLDER\\University\\SPRING 2025\\Software Engineering\\Project\\Software-Design-Project\\src\\components\\NavBar.jsx": {"path":"C:\\MAINFOLDER\\University\\SPRING 2025\\Software Engineering\\Project\\Software-Design-Project\\src\\components\\NavBar.jsx","statementMap":{"0":{"start":{"line":7,"column":22},"end":{"line":40,"column":1}},"1":{"start":{"line":8,"column":18},"end":{"line":12,"column":21}},"2":{"start":{"line":14,"column":2},"end":{"line":39,"column":4}}},"fnMap":{"0":{"name":"(anonymous_0)","decl":{"start":{"line":7,"column":22},"end":{"line":7,"column":23}},"loc":{"start":{"line":7,"column":58},"end":{"line":40,"column":1}},"line":7}},"branchMap":{"0":{"loc":{"start":{"line":7,"column":33},"end":{"line":7,"column":51}},"type":"default-arg","locations":[{"start":{"line":7,"column":45},"end":{"line":7,"column":51}}],"line":7},"1":{"loc":{"start":{"line":8,"column":18},"end":{"line":12,"column":21}},"type":"cond-expr","locations":[{"start":{"line":9,"column":6},"end":{"line":9,"column":20}},{"start":{"line":10,"column":6},"end":{"line":12,"column":21}}],"line":8},"2":{"loc":{"start":{"line":10,"column":6},"end":{"line":12,"column":21}},"type":"cond-expr","locations":[{"start":{"line":11,"column":8},"end":{"line":11,"column":23}},{"start":{"line":12,"column":8},"end":{"line":12,"column":21}}],"line":10},"3":{"loc":{"start":{"line":21,"column":20},"end":{"line":21,"column":54}},"type":"cond-expr","locations":[{"start":{"line":21,"column":29},"end":{"line":21,"column":37}},{"start":{"line":21,"column":40},"end":{"line":21,"column":54}}],"line":21},"4":{"loc":{"start":{"line":27,"column":11},"end":{"line":31,"column":11}},"type":"binary-expr","locations":[{"start":{"line":27,"column":11},"end":{"line":27,"column":17}},{"start":{"line":28,"column":12},"end":{"line":30,"column":19}}],"line":27}},"s":{"0":0,"1":0,"2":0},"f":{"0":0},"b":{"0":[0],"1":[0,0],"2":[0,0],"3":[0,0],"4":[0,0]}}
,"C:\\MAINFOLDER\\University\\SPRING 2025\\Software Engineering\\Project\\Software-Design-Project\\src\\components\\ParentChildSelector.jsx": {"path":"C:\\MAINFOLDER\\University\\SPRING 2025\\Software Engineering\\Project\\Software-Design-Project\\src\\components\\ParentChildSelector.jsx","statementMap":{"0":{"start":{"line":7,"column":35},"end":{"line":38,"column":1}},"1":{"start":{"line":10,"column":4},"end":{"line":37,"column":5}},"2":{"start":{"line":20,"column":28},"end":{"line":20,"column":120}},"3":{"start":{"line":28,"column":39},"end":{"line":28,"column":61}}},"fnMap":{"0":{"name":"(anonymous_0)","decl":{"start":{"line":7,"column":35},"end":{"line":7,"column":36}},"loc":{"start":{"line":7,"column":76},"end":{"line":38,"column":1}},"line":7},"1":{"name":"(anonymous_1)","decl":{"start":{"line":19,"column":43},"end":{"line":19,"column":44}},"loc":{"start":{"line":20,"column":28},"end":{"line":20,"column":120}},"line":20},"2":{"name":"(anonymous_2)","decl":{"start":{"line":28,"column":33},"end":{"line":28,"column":34}},"loc":{"start":{"line":28,"column":39},"end":{"line":28,"column":61}},"line":28}},"branchMap":{"0":{"loc":{"start":{"line":16,"column":17},"end":{"line":31,"column":29}},"type":"cond-expr","locations":[{"start":{"line":18,"column":20},"end":{"line":23,"column":26}},{"start":{"line":26,"column":20},"end":{"line":31,"column":29}}],"line":16}},"s":{"0":1,"1":11,"2":22,"3":0},"f":{"0":11,"1":22,"2":0},"b":{"0":[11,0]},"_coverageSchema":"1a1c01bbd47fc00a2c39e90264f33305004495a9","hash":"a9f6ca1c80d1b14fe5b5e54290472f93fc7eda49"}
,"C:\\MAINFOLDER\\University\\SPRING 2025\\Software Engineering\\Project\\Software-Design-Project\\src\\components\\PersonalTaskList.jsx": {"path":"C:\\MAINFOLDER\\University\\SPRING 2025\\Software Engineering\\Project\\Software-Design-Project\\src\\components\\PersonalTaskList.jsx","statementMap":{"0":{"start":{"line":4,"column":32},"end":{"line":55,"column":1}},"1":{"start":{"line":5,"column":34},"end":{"line":5,"column":46}},"2":{"start":{"line":7,"column":2},"end":{"line":9,"column":14}},"3":{"start":{"line":8,"column":4},"end":{"line":8,"column":23}},"4":{"start":{"line":12,"column":2},"end":{"line":24,"column":3}},"5":{"start":{"line":13,"column":4},"end":{"line":13,"column":142}},"6":{"start":{"line":14,"column":4},"end":{"line":14,"column":63}},"7":{"start":{"line":15,"column":4},"end":{"line":15,"column":95}},"8":{"start":{"line":16,"column":9},"end":{"line":24,"column":3}},"9":{"start":{"line":17,"column":4},"end":{"line":17,"column":138}},"10":{"start":{"line":18,"column":4},"end":{"line":18,"column":61}},"11":{"start":{"line":19,"column":4},"end":{"line":19,"column":93}},"12":{"start":{"line":21,"column":4},"end":{"line":21,"column":138}},"13":{"start":{"line":22,"column":4},"end":{"line":22,"column":61}},"14":{"start":{"line":23,"column":4},"end":{"line":23,"column":93}},"15":{"start":{"line":26,"column":2},"end":{"line":54,"column":4}},"16":{"start":{"line":33,"column":14},"end":{"line":40,"column":16}},"17":{"start":{"line":49,"column":25},"end":{"line":49,"column":34}}},"fnMap":{"0":{"name":"(anonymous_0)","decl":{"start":{"line":4,"column":32},"end":{"line":4,"column":33}},"loc":{"start":{"line":4,"column":99},"end":{"line":55,"column":1}},"line":4},"1":{"name":"(anonymous_1)","decl":{"start":{"line":7,"column":12},"end":{"line":7,"column":13}},"loc":{"start":{"line":7,"column":18},"end":{"line":9,"column":3}},"line":7},"2":{"name":"(anonymous_2)","decl":{"start":{"line":32,"column":27},"end":{"line":32,"column":28}},"loc":{"start":{"line":33,"column":14},"end":{"line":40,"column":16}},"line":33},"3":{"name":"(anonymous_3)","decl":{"start":{"line":49,"column":19},"end":{"line":49,"column":20}},"loc":{"start":{"line":49,"column":25},"end":{"line":49,"column":34}},"line":49}},"branchMap":{"0":{"loc":{"start":{"line":12,"column":2},"end":{"line":24,"column":3}},"type":"if","locations":[{"start":{"line":12,"column":2},"end":{"line":24,"column":3}},{"start":{"line":16,"column":9},"end":{"line":24,"column":3}}],"line":12},"1":{"loc":{"start":{"line":16,"column":9},"end":{"line":24,"column":3}},"type":"if","locations":[{"start":{"line":16,"column":9},"end":{"line":24,"column":3}},{"start":{"line":20,"column":9},"end":{"line":24,"column":3}}],"line":16},"2":{"loc":{"start":{"line":31,"column":11},"end":{"line":42,"column":71}},"type":"cond-expr","locations":[{"start":{"line":32,"column":14},"end":{"line":41,"column":14}},{"start":{"line":42,"column":14},"end":{"line":42,"column":71}}],"line":31}},"s":{"0":2,"1":32,"2":32,"3":18,"4":32,"5":0,"6":0,"7":0,"8":32,"9":2,"10":2,"11":2,"12":30,"13":30,"14":30,"15":32,"16":22,"17":2},"f":{"0":32,"1":18,"2":22,"3":2},"b":{"0":[0,32],"1":[2,30],"2":[12,20]},"_coverageSchema":"1a1c01bbd47fc00a2c39e90264f33305004495a9","hash":"ae569741cb363580d64ad7bf1af162ef8fc7d70b"}
,"C:\\MAINFOLDER\\University\\SPRING 2025\\Software Engineering\\Project\\Software-Design-Project\\src\\components\\TaskCard.jsx": {"path":"C:\\MAINFOLDER\\University\\SPRING 2025\\Software Engineering\\Project\\Software-Design-Project\\src\\components\\TaskCard.jsx","statementMap":{"0":{"start":{"line":3,"column":24},"end":{"line":66,"column":1}},"1":{"start":{"line":5,"column":4},"end":{"line":9,"column":21}},"2":{"start":{"line":11,"column":4},"end":{"line":15,"column":27}},"3":{"start":{"line":17,"column":4},"end":{"line":21,"column":21}},"4":{"start":{"line":23,"column":2},"end":{"line":65,"column":4}},"5":{"start":{"line":29,"column":26},"end":{"line":29,"column":71}},"6":{"start":{"line":48,"column":31},"end":{"line":48,"column":50}},"7":{"start":{"line":56,"column":31},"end":{"line":56,"column":52}}},"fnMap":{"0":{"name":"(anonymous_0)","decl":{"start":{"line":3,"column":24},"end":{"line":3,"column":25}},"loc":{"start":{"line":3,"column":79},"end":{"line":66,"column":1}},"line":3},"1":{"name":"(anonymous_1)","decl":{"start":{"line":29,"column":20},"end":{"line":29,"column":21}},"loc":{"start":{"line":29,"column":26},"end":{"line":29,"column":71}},"line":29},"2":{"name":"(anonymous_2)","decl":{"start":{"line":48,"column":25},"end":{"line":48,"column":26}},"loc":{"start":{"line":48,"column":31},"end":{"line":48,"column":50}},"line":48},"3":{"name":"(anonymous_3)","decl":{"start":{"line":56,"column":25},"end":{"line":56,"column":26}},"loc":{"start":{"line":56,"column":31},"end":{"line":56,"column":52}},"line":56}},"branchMap":{"0":{"loc":{"start":{"line":5,"column":4},"end":{"line":9,"column":21}},"type":"cond-expr","locations":[{"start":{"line":6,"column":8},"end":{"line":6,"column":23}},{"start":{"line":7,"column":8},"end":{"line":9,"column":21}}],"line":5},"1":{"loc":{"start":{"line":7,"column":8},"end":{"line":9,"column":21}},"type":"cond-expr","locations":[{"start":{"line":8,"column":8},"end":{"line":8,"column":21}},{"start":{"line":9,"column":8},"end":{"line":9,"column":21}}],"line":7},"2":{"loc":{"start":{"line":11,"column":4},"end":{"line":15,"column":27}},"type":"cond-expr","locations":[{"start":{"line":12,"column":8},"end":{"line":12,"column":29}},{"start":{"line":13,"column":8},"end":{"line":15,"column":27}}],"line":11},"3":{"loc":{"start":{"line":13,"column":8},"end":{"line":15,"column":27}},"type":"cond-expr","locations":[{"start":{"line":14,"column":8},"end":{"line":14,"column":27}},{"start":{"line":15,"column":8},"end":{"line":15,"column":27}}],"line":13},"4":{"loc":{"start":{"line":17,"column":4},"end":{"line":21,"column":21}},"type":"cond-expr","locations":[{"start":{"line":18,"column":8},"end":{"line":18,"column":23}},{"start":{"line":19,"column":8},"end":{"line":21,"column":21}}],"line":17},"5":{"loc":{"start":{"line":19,"column":8},"end":{"line":21,"column":21}},"type":"cond-expr","locations":[{"start":{"line":20,"column":8},"end":{"line":20,"column":21}},{"start":{"line":21,"column":8},"end":{"line":21,"column":21}}],"line":19},"6":{"loc":{"start":{"line":29,"column":26},"end":{"line":29,"column":71}},"type":"binary-expr","locations":[{"start":{"line":29,"column":26},"end":{"line":29,"column":40}},{"start":{"line":29,"column":44},"end":{"line":29,"column":71}}],"line":29},"7":{"loc":{"start":{"line":37,"column":13},"end":{"line":37,"column":66}},"type":"binary-expr","locations":[{"start":{"line":37,"column":13},"end":{"line":37,"column":57}},{"start":{"line":37,"column":61},"end":{"line":37,"column":66}}],"line":37},"8":{"loc":{"start":{"line":41,"column":7},"end":{"line":63,"column":7}},"type":"binary-expr","locations":[{"start":{"line":41,"column":8},"end":{"line":41,"column":14}},{"start":{"line":41,"column":18},"end":{"line":41,"column":26}},{"start":{"line":42,"column":8},"end":{"line":62,"column":14}}],"line":41},"9":{"loc":{"start":{"line":45,"column":13},"end":{"line":52,"column":13}},"type":"binary-expr","locations":[{"start":{"line":45,"column":13},"end":{"line":45,"column":19}},{"start":{"line":46,"column":14},"end":{"line":51,"column":23}}],"line":45},"10":{"loc":{"start":{"line":53,"column":13},"end":{"line":60,"column":13}},"type":"binary-expr","locations":[{"start":{"line":53,"column":13},"end":{"line":53,"column":21}},{"start":{"line":54,"column":14},"end":{"line":59,"column":23}}],"line":53}},"s":{"0":2,"1":22,"2":22,"3":22,"4":22,"5":2,"6":1,"7":2},"f":{"0":22,"1":2,"2":1,"3":2},"b":{"0":[0,22],"1":[2,20],"2":[0,22],"3":[2,20],"4":[0,22],"5":[2,20],"6":[2,2],"7":[22,0],"8":[22,0,22],"9":[22,22],"10":[22,22]},"_coverageSchema":"1a1c01bbd47fc00a2c39e90264f33305004495a9","hash":"084415384bc1e3f58001884303f0de2bc9a60896"}
,"C:\\MAINFOLDER\\University\\SPRING 2025\\Software Engineering\\Project\\Software-Design-Project\\src\\mockData\\mockdata.js": {"path":"C:\\MAINFOLDER\\University\\SPRING 2025\\Software Engineering\\Project\\Software-Design-Project\\src\\mockData\\mockdata.js","statementMap":{"0":{"start":{"line":1,"column":15},"end":{"line":5,"column":1}}},"fnMap":{},"branchMap":{},"s":{"0":0},"f":{},"b":{}}
,"C:\\MAINFOLDER\\University\\SPRING 2025\\Software Engineering\\Project\\Software-Design-Project\\src\\screens\\AnalyticsView.jsx": {"path":"C:\\MAINFOLDER\\University\\SPRING 2025\\Software Engineering\\Project\\Software-Design-Project\\src\\screens\\AnalyticsView.jsx","statementMap":{"0":{"start":{"line":3,"column":29},"end":{"line":9,"column":1}},"1":{"start":{"line":4,"column":2},"end":{"line":8,"column":4}}},"fnMap":{"0":{"name":"(anonymous_0)","decl":{"start":{"line":3,"column":29},"end":{"line":3,"column":30}},"loc":{"start":{"line":3,"column":35},"end":{"line":9,"column":1}},"line":3}},"branchMap":{},"s":{"0":0,"1":0},"f":{"0":0},"b":{}}
,"C:\\MAINFOLDER\\University\\SPRING 2025\\Software Engineering\\Project\\Software-Design-Project\\src\\screens\\Landing.jsx": {"path":"C:\\MAINFOLDER\\University\\SPRING 2025\\Software Engineering\\Project\\Software-Design-Project\\src\\screens\\Landing.jsx","statementMap":{"0":{"start":{"line":8,"column":23},"end":{"line":192,"column":1}},"1":{"start":{"line":9,"column":19},"end":{"line":9,"column":32}},"2":{"start":{"line":15,"column":27},"end":{"line":20,"column":3}},"3":{"start":{"line":16,"column":4},"end":{"line":16,"column":23}},"4":{"start":{"line":17,"column":4},"end":{"line":19,"column":12}},"5":{"start":{"line":18,"column":6},"end":{"line":18,"column":26}},"6":{"start":{"line":23,"column":26},"end":{"line":53,"column":3}},"7":{"start":{"line":25,"column":19},"end":{"line":25,"column":34}},"8":{"start":{"line":26,"column":17},"end":{"line":26,"column":47}},"9":{"start":{"line":29,"column":18},"end":{"line":29,"column":47}},"10":{"start":{"line":30,"column":4},"end":{"line":30,"column":35}},"11":{"start":{"line":31,"column":4},"end":{"line":31,"column":57}},"12":{"start":{"line":32,"column":4},"end":{"line":32,"column":56}},"13":{"start":{"line":35,"column":4},"end":{"line":48,"column":5}},"14":{"start":{"line":35,"column":17},"end":{"line":35,"column":18}},"15":{"start":{"line":36,"column":23},"end":{"line":36,"column":52}},"16":{"start":{"line":37,"column":6},"end":{"line":37,"column":43}},"17":{"start":{"line":40,"column":20},"end":{"line":40,"column":59}},"18":{"start":{"line":41,"column":23},"end":{"line":41,"column":48}},"19":{"start":{"line":43,"column":6},"end":{"line":43,"column":76}},"20":{"start":{"line":44,"column":6},"end":{"line":44,"column":76}},"21":{"start":{"line":45,"column":6},"end":{"line":45,"column":64}},"22":{"start":{"line":47,"column":6},"end":{"line":47,"column":34}},"23":{"start":{"line":51,"column":4},"end":{"line":51,"column":37}},"24":{"start":{"line":52,"column":4},"end":{"line":52,"column":61}},"25":{"start":{"line":52,"column":21},"end":{"line":52,"column":53}},"26":{"start":{"line":55,"column":2},"end":{"line":191,"column":4}},"27":{"start":{"line":63,"column":12},"end":{"line":63,"column":68}},"28":{"start":{"line":69,"column":10},"end":{"line":86,"column":16}},"29":{"start":{"line":148,"column":18},"end":{"line":156,"column":24}}},"fnMap":{"0":{"name":"(anonymous_0)","decl":{"start":{"line":8,"column":23},"end":{"line":8,"column":24}},"loc":{"start":{"line":8,"column":29},"end":{"line":192,"column":1}},"line":8},"1":{"name":"(anonymous_1)","decl":{"start":{"line":15,"column":27},"end":{"line":15,"column":28}},"loc":{"start":{"line":15,"column":34},"end":{"line":20,"column":3}},"line":15},"2":{"name":"(anonymous_2)","decl":{"start":{"line":17,"column":15},"end":{"line":17,"column":16}},"loc":{"start":{"line":17,"column":21},"end":{"line":19,"column":5}},"line":17},"3":{"name":"(anonymous_3)","decl":{"start":{"line":23,"column":26},"end":{"line":23,"column":27}},"loc":{"start":{"line":23,"column":33},"end":{"line":53,"column":3}},"line":23},"4":{"name":"(anonymous_4)","decl":{"start":{"line":52,"column":15},"end":{"line":52,"column":16}},"loc":{"start":{"line":52,"column":21},"end":{"line":52,"column":53}},"line":52},"5":{"name":"(anonymous_5)","decl":{"start":{"line":62,"column":30},"end":{"line":62,"column":31}},"loc":{"start":{"line":63,"column":12},"end":{"line":63,"column":68}},"line":63},"6":{"name":"(anonymous_6)","decl":{"start":{"line":68,"column":35},"end":{"line":68,"column":36}},"loc":{"start":{"line":69,"column":10},"end":{"line":86,"column":16}},"line":69},"7":{"name":"(anonymous_7)","decl":{"start":{"line":147,"column":22},"end":{"line":147,"column":23}},"loc":{"start":{"line":148,"column":18},"end":{"line":156,"column":24}},"line":148}},"branchMap":{},"s":{"0":0,"1":0,"2":0,"3":0,"4":0,"5":0,"6":0,"7":0,"8":0,"9":0,"10":0,"11":0,"12":0,"13":0,"14":0,"15":0,"16":0,"17":0,"18":0,"19":0,"20":0,"21":0,"22":0,"23":0,"24":0,"25":0,"26":0,"27":0,"28":0,"29":0},"f":{"0":0,"1":0,"2":0,"3":0,"4":0,"5":0,"6":0,"7":0},"b":{}}
,"C:\\MAINFOLDER\\University\\SPRING 2025\\Software Engineering\\Project\\Software-Design-Project\\src\\screens\\ProfileSelection.jsx": {"path":"C:\\MAINFOLDER\\University\\SPRING 2025\\Software Engineering\\Project\\Software-Design-Project\\src\\screens\\ProfileSelection.jsx","statementMap":{"0":{"start":{"line":7,"column":32},"end":{"line":102,"column":1}},"1":{"start":{"line":8,"column":19},"end":{"line":8,"column":32}},"2":{"start":{"line":10,"column":23},"end":{"line":18,"column":3}},"3":{"start":{"line":11,"column":4},"end":{"line":17,"column":5}},"4":{"start":{"line":12,"column":6},"end":{"line":12,"column":44}},"5":{"start":{"line":13,"column":11},"end":{"line":17,"column":5}},"6":{"start":{"line":14,"column":6},"end":{"line":14,"column":50}},"7":{"start":{"line":15,"column":11},"end":{"line":17,"column":5}},"8":{"start":{"line":16,"column":6},"end":{"line":16,"column":57}},"9":{"start":{"line":20,"column":2},"end":{"line":101,"column":4}},"10":{"start":{"line":27,"column":12},"end":{"line":27,"column":68}},"11":{"start":{"line":32,"column":10},"end":{"line":49,"column":16}},"12":{"start":{"line":59,"column":25},"end":{"line":59,"column":45}},"13":{"start":{"line":73,"column":25},"end":{"line":73,"column":45}},"14":{"start":{"line":87,"column":25},"end":{"line":87,"column":47}}},"fnMap":{"0":{"name":"(anonymous_0)","decl":{"start":{"line":7,"column":32},"end":{"line":7,"column":33}},"loc":{"start":{"line":7,"column":38},"end":{"line":102,"column":1}},"line":7},"1":{"name":"(anonymous_1)","decl":{"start":{"line":10,"column":23},"end":{"line":10,"column":24}},"loc":{"start":{"line":10,"column":38},"end":{"line":18,"column":3}},"line":10},"2":{"name":"(anonymous_2)","decl":{"start":{"line":26,"column":30},"end":{"line":26,"column":31}},"loc":{"start":{"line":27,"column":12},"end":{"line":27,"column":68}},"line":27},"3":{"name":"(anonymous_3)","decl":{"start":{"line":31,"column":35},"end":{"line":31,"column":36}},"loc":{"start":{"line":32,"column":10},"end":{"line":49,"column":16}},"line":32},"4":{"name":"(anonymous_4)","decl":{"start":{"line":59,"column":19},"end":{"line":59,"column":20}},"loc":{"start":{"line":59,"column":25},"end":{"line":59,"column":45}},"line":59},"5":{"name":"(anonymous_5)","decl":{"start":{"line":73,"column":19},"end":{"line":73,"column":20}},"loc":{"start":{"line":73,"column":25},"end":{"line":73,"column":45}},"line":73},"6":{"name":"(anonymous_6)","decl":{"start":{"line":87,"column":19},"end":{"line":87,"column":20}},"loc":{"start":{"line":87,"column":25},"end":{"line":87,"column":47}},"line":87}},"branchMap":{"0":{"loc":{"start":{"line":11,"column":4},"end":{"line":17,"column":5}},"type":"if","locations":[{"start":{"line":11,"column":4},"end":{"line":17,"column":5}},{"start":{"line":13,"column":11},"end":{"line":17,"column":5}}],"line":11},"1":{"loc":{"start":{"line":13,"column":11},"end":{"line":17,"column":5}},"type":"if","locations":[{"start":{"line":13,"column":11},"end":{"line":17,"column":5}},{"start":{"line":15,"column":11},"end":{"line":17,"column":5}}],"line":13},"2":{"loc":{"start":{"line":15,"column":11},"end":{"line":17,"column":5}},"type":"if","locations":[{"start":{"line":15,"column":11},"end":{"line":17,"column":5}},{"start":{},"end":{}}],"line":15}},"s":{"0":0,"1":0,"2":0,"3":0,"4":0,"5":0,"6":0,"7":0,"8":0,"9":0,"10":0,"11":0,"12":0,"13":0,"14":0},"f":{"0":0,"1":0,"2":0,"3":0,"4":0,"5":0,"6":0},"b":{"0":[0,0],"1":[0,0],"2":[0,0]}}
,"C:\\MAINFOLDER\\University\\SPRING 2025\\Software Engineering\\Project\\Software-Design-Project\\src\\screens\\ProfileSelectionIntro.jsx": {"path":"C:\\MAINFOLDER\\University\\SPRING 2025\\Software Engineering\\Project\\Software-Design-Project\\src\\screens\\ProfileSelectionIntro.jsx","statementMap":{},"fnMap":{},"branchMap":{},"s":{},"f":{},"b":{}}
,"C:\\MAINFOLDER\\University\\SPRING 2025\\Software Engineering\\Project\\Software-Design-Project\\src\\screens\\SharedView.jsx": {"path":"C:\\MAINFOLDER\\University\\SPRING 2025\\Software Engineering\\Project\\Software-Design-Project\\src\\screens\\SharedView.jsx","statementMap":{"0":{"start":{"line":3,"column":26},"end":{"line":9,"column":1}},"1":{"start":{"line":4,"column":2},"end":{"line":8,"column":4}}},"fnMap":{"0":{"name":"(anonymous_0)","decl":{"start":{"line":3,"column":26},"end":{"line":3,"column":27}},"loc":{"start":{"line":3,"column":32},"end":{"line":9,"column":1}},"line":3}},"branchMap":{},"s":{"0":0,"1":0},"f":{"0":0},"b":{}}
,"C:\\MAINFOLDER\\University\\SPRING 2025\\Software Engineering\\Project\\Software-Design-Project\\src\\screens\\SignIn.jsx": {"path":"C:\\MAINFOLDER\\University\\SPRING 2025\\Software Engineering\\Project\\Software-Design-Project\\src\\screens\\SignIn.jsx","statementMap":{"0":{"start":{"line":6,"column":22},"end":{"line":99,"column":1}},"1":{"start":{"line":8,"column":28},"end":{"line":8,"column":40}},"2":{"start":{"line":9,"column":34},"end":{"line":9,"column":46}},"3":{"start":{"line":10,"column":19},"end":{"line":10,"column":32}},"4":{"start":{"line":16,"column":23},"end":{"line":19,"column":3}},"5":{"start":{"line":17,"column":4},"end":{"line":17,"column":23}},"6":{"start":{"line":18,"column":4},"end":{"line":18,"column":35}},"7":{"start":{"line":21,"column":2},"end":{"line":98,"column":4}},"8":{"start":{"line":47,"column":33},"end":{"line":47,"column":57}},"9":{"start":{"line":64,"column":33},"end":{"line":64,"column":60}},"10":{"start":{"line":88,"column":31},"end":{"line":88,"column":69}}},"fnMap":{"0":{"name":"(anonymous_0)","decl":{"start":{"line":6,"column":22},"end":{"line":6,"column":23}},"loc":{"start":{"line":6,"column":28},"end":{"line":99,"column":1}},"line":6},"1":{"name":"(anonymous_1)","decl":{"start":{"line":16,"column":23},"end":{"line":16,"column":24}},"loc":{"start":{"line":16,"column":30},"end":{"line":19,"column":3}},"line":16},"2":{"name":"(anonymous_2)","decl":{"start":{"line":47,"column":26},"end":{"line":47,"column":27}},"loc":{"start":{"line":47,"column":33},"end":{"line":47,"column":57}},"line":47},"3":{"name":"(anonymous_3)","decl":{"start":{"line":64,"column":26},"end":{"line":64,"column":27}},"loc":{"start":{"line":64,"column":33},"end":{"line":64,"column":60}},"line":64},"4":{"name":"(anonymous_4)","decl":{"start":{"line":88,"column":25},"end":{"line":88,"column":26}},"loc":{"start":{"line":88,"column":31},"end":{"line":88,"column":69}},"line":88}},"branchMap":{},"s":{"0":0,"1":0,"2":0,"3":0,"4":0,"5":0,"6":0,"7":0,"8":0,"9":0,"10":0},"f":{"0":0,"1":0,"2":0,"3":0,"4":0},"b":{}}
,"C:\\MAINFOLDER\\University\\SPRING 2025\\Software Engineering\\Project\\Software-Design-Project\\src\\screens\\SignUp.jsx": {"path":"C:\\MAINFOLDER\\University\\SPRING 2025\\Software Engineering\\Project\\Software-Design-Project\\src\\screens\\SignUp.jsx","statementMap":{"0":{"start":{"line":6,"column":22},"end":{"line":125,"column":1}},"1":{"start":{"line":8,"column":26},"end":{"line":8,"column":38}},"2":{"start":{"line":9,"column":28},"end":{"line":9,"column":40}},"3":{"start":{"line":10,"column":34},"end":{"line":10,"column":46}},"4":{"start":{"line":11,"column":19},"end":{"line":11,"column":32}},"5":{"start":{"line":16,"column":23},"end":{"line":19,"column":3}},"6":{"start":{"line":17,"column":4},"end":{"line":17,"column":23}},"7":{"start":{"line":18,"column":4},"end":{"line":18,"column":35}},"8":{"start":{"line":21,"column":2},"end":{"line":124,"column":4}},"9":{"start":{"line":27,"column":10},"end":{"line":27,"column":52}},"10":{"start":{"line":56,"column":33},"end":{"line":56,"column":56}},"11":{"start":{"line":73,"column":33},"end":{"line":73,"column":57}},"12":{"start":{"line":90,"column":33},"end":{"line":90,"column":60}},"13":{"start":{"line":114,"column":31},"end":{"line":114,"column":69}}},"fnMap":{"0":{"name":"(anonymous_0)","decl":{"start":{"line":6,"column":22},"end":{"line":6,"column":23}},"loc":{"start":{"line":6,"column":28},"end":{"line":125,"column":1}},"line":6},"1":{"name":"(anonymous_1)","decl":{"start":{"line":16,"column":23},"end":{"line":16,"column":24}},"loc":{"start":{"line":16,"column":30},"end":{"line":19,"column":3}},"line":16},"2":{"name":"(anonymous_2)","decl":{"start":{"line":26,"column":28},"end":{"line":26,"column":29}},"loc":{"start":{"line":27,"column":10},"end":{"line":27,"column":52}},"line":27},"3":{"name":"(anonymous_3)","decl":{"start":{"line":56,"column":26},"end":{"line":56,"column":27}},"loc":{"start":{"line":56,"column":33},"end":{"line":56,"column":56}},"line":56},"4":{"name":"(anonymous_4)","decl":{"start":{"line":73,"column":26},"end":{"line":73,"column":27}},"loc":{"start":{"line":73,"column":33},"end":{"line":73,"column":57}},"line":73},"5":{"name":"(anonymous_5)","decl":{"start":{"line":90,"column":26},"end":{"line":90,"column":27}},"loc":{"start":{"line":90,"column":33},"end":{"line":90,"column":60}},"line":90},"6":{"name":"(anonymous_6)","decl":{"start":{"line":114,"column":25},"end":{"line":114,"column":26}},"loc":{"start":{"line":114,"column":31},"end":{"line":114,"column":69}},"line":114}},"branchMap":{},"s":{"0":0,"1":0,"2":0,"3":0,"4":0,"5":0,"6":0,"7":0,"8":0,"9":0,"10":0,"11":0,"12":0,"13":0},"f":{"0":0,"1":0,"2":0,"3":0,"4":0,"5":0,"6":0},"b":{}}
,"C:\\MAINFOLDER\\University\\SPRING 2025\\Software Engineering\\Project\\Software-Design-Project\\src\\screens\\ToDoChild.jsx": {"path":"C:\\MAINFOLDER\\University\\SPRING 2025\\Software Engineering\\Project\\Software-Design-Project\\src\\screens\\ToDoChild.jsx","statementMap":{"0":{"start":{"line":15,"column":25},"end":{"line":150,"column":1}},"1":{"start":{"line":16,"column":16},"end":{"line":16,"column":25}},"2":{"start":{"line":18,"column":26},"end":{"line":18,"column":44}},"3":{"start":{"line":21,"column":4},"end":{"line":23,"column":65}},"4":{"start":{"line":26,"column":36},"end":{"line":26,"column":86}},"5":{"start":{"line":27,"column":38},"end":{"line":27,"column":53}},"6":{"start":{"line":28,"column":42},"end":{"line":28,"column":57}},"7":{"start":{"line":29,"column":38},"end":{"line":29,"column":52}},"8":{"start":{"line":32,"column":2},"end":{"line":42,"column":16}},"9":{"start":{"line":33,"column":24},"end":{"line":33,"column":73}},"10":{"start":{"line":34,"column":4},"end":{"line":34,"column":91}},"11":{"start":{"line":35,"column":4},"end":{"line":41,"column":5}},"12":{"start":{"line":36,"column":6},"end":{"line":36,"column":32}},"13":{"start":{"line":38,"column":22},"end":{"line":38,"column":103}},"14":{"start":{"line":39,"column":6},"end":{"line":39,"column":28}},"15":{"start":{"line":40,"column":6},"end":{"line":40,"column":69}},"16":{"start":{"line":44,"column":21},"end":{"line":51,"column":3}},"17":{"start":{"line":45,"column":4},"end":{"line":45,"column":25}},"18":{"start":{"line":47,"column":28},"end":{"line":47,"column":62}},"19":{"start":{"line":48,"column":25},"end":{"line":48,"column":73}},"20":{"start":{"line":49,"column":4},"end":{"line":49,"column":31}},"21":{"start":{"line":50,"column":4},"end":{"line":50,"column":72}},"22":{"start":{"line":53,"column":21},"end":{"line":58,"column":3}},"23":{"start":{"line":54,"column":28},"end":{"line":54,"column":92}},"24":{"start":{"line":54,"column":69},"end":{"line":54,"column":91}},"25":{"start":{"line":55,"column":25},"end":{"line":55,"column":73}},"26":{"start":{"line":56,"column":4},"end":{"line":56,"column":31}},"27":{"start":{"line":57,"column":4},"end":{"line":57,"column":72}},"28":{"start":{"line":60,"column":27},"end":{"line":64,"column":3}},"29":{"start":{"line":61,"column":24},"end":{"line":61,"column":86}},"30":{"start":{"line":61,"column":63},"end":{"line":61,"column":85}},"31":{"start":{"line":62,"column":4},"end":{"line":62,"column":31}},"32":{"start":{"line":63,"column":4},"end":{"line":63,"column":25}},"33":{"start":{"line":66,"column":19},"end":{"line":85,"column":3}},"34":{"start":{"line":67,"column":4},"end":{"line":67,"column":26}},"35":{"start":{"line":68,"column":28},"end":{"line":80,"column":6}},"36":{"start":{"line":69,"column":6},"end":{"line":78,"column":7}},"37":{"start":{"line":70,"column":8},"end":{"line":77,"column":10}},"38":{"start":{"line":79,"column":6},"end":{"line":79,"column":18}},"39":{"start":{"line":81,"column":25},"end":{"line":81,"column":73}},"40":{"start":{"line":82,"column":4},"end":{"line":82,"column":31}},"41":{"start":{"line":83,"column":4},"end":{"line":83,"column":72}},"42":{"start":{"line":84,"column":4},"end":{"line":84,"column":24}},"43":{"start":{"line":87,"column":32},"end":{"line":94,"column":3}},"44":{"start":{"line":88,"column":28},"end":{"line":90,"column":5}},"45":{"start":{"line":89,"column":6},"end":{"line":89,"column":79}},"46":{"start":{"line":91,"column":25},"end":{"line":91,"column":73}},"47":{"start":{"line":92,"column":4},"end":{"line":92,"column":31}},"48":{"start":{"line":93,"column":4},"end":{"line":93,"column":72}},"49":{"start":{"line":97,"column":21},"end":{"line":137,"column":3}},"50":{"start":{"line":98,"column":4},"end":{"line":136,"column":5}},"51":{"start":{"line":99,"column":6},"end":{"line":107,"column":8}},"52":{"start":{"line":103,"column":28},"end":{"line":103,"column":48}},"53":{"start":{"line":108,"column":11},"end":{"line":136,"column":5}},"54":{"start":{"line":109,"column":6},"end":{"line":117,"column":8}},"55":{"start":{"line":113,"column":28},"end":{"line":113,"column":49}},"56":{"start":{"line":119,"column":6},"end":{"line":135,"column":8}},"57":{"start":{"line":127,"column":29},"end":{"line":127,"column":48}},"58":{"start":{"line":139,"column":2},"end":{"line":149,"column":4}}},"fnMap":{"0":{"name":"(anonymous_0)","decl":{"start":{"line":15,"column":25},"end":{"line":15,"column":26}},"loc":{"start":{"line":15,"column":62},"end":{"line":150,"column":1}},"line":15},"1":{"name":"(anonymous_1)","decl":{"start":{"line":32,"column":12},"end":{"line":32,"column":13}},"loc":{"start":{"line":32,"column":18},"end":{"line":42,"column":3}},"line":32},"2":{"name":"(anonymous_2)","decl":{"start":{"line":44,"column":21},"end":{"line":44,"column":22}},"loc":{"start":{"line":44,"column":31},"end":{"line":51,"column":3}},"line":44},"3":{"name":"(anonymous_3)","decl":{"start":{"line":53,"column":21},"end":{"line":53,"column":22}},"loc":{"start":{"line":53,"column":33},"end":{"line":58,"column":3}},"line":53},"4":{"name":"(anonymous_4)","decl":{"start":{"line":54,"column":59},"end":{"line":54,"column":60}},"loc":{"start":{"line":54,"column":69},"end":{"line":54,"column":91}},"line":54},"5":{"name":"(anonymous_5)","decl":{"start":{"line":60,"column":27},"end":{"line":60,"column":28}},"loc":{"start":{"line":60,"column":39},"end":{"line":64,"column":3}},"line":60},"6":{"name":"(anonymous_6)","decl":{"start":{"line":61,"column":53},"end":{"line":61,"column":54}},"loc":{"start":{"line":61,"column":63},"end":{"line":61,"column":85}},"line":61},"7":{"name":"(anonymous_7)","decl":{"start":{"line":66,"column":19},"end":{"line":66,"column":20}},"loc":{"start":{"line":66,"column":32},"end":{"line":85,"column":3}},"line":66},"8":{"name":"(anonymous_8)","decl":{"start":{"line":68,"column":56},"end":{"line":68,"column":57}},"loc":{"start":{"line":68,"column":66},"end":{"line":80,"column":5}},"line":68},"9":{"name":"(anonymous_9)","decl":{"start":{"line":87,"column":32},"end":{"line":87,"column":33}},"loc":{"start":{"line":87,"column":44},"end":{"line":94,"column":3}},"line":87},"10":{"name":"(anonymous_10)","decl":{"start":{"line":88,"column":56},"end":{"line":88,"column":57}},"loc":{"start":{"line":89,"column":6},"end":{"line":89,"column":79}},"line":89},"11":{"name":"(anonymous_11)","decl":{"start":{"line":97,"column":21},"end":{"line":97,"column":22}},"loc":{"start":{"line":97,"column":27},"end":{"line":137,"column":3}},"line":97},"12":{"name":"(anonymous_12)","decl":{"start":{"line":103,"column":22},"end":{"line":103,"column":23}},"loc":{"start":{"line":103,"column":28},"end":{"line":103,"column":48}},"line":103},"13":{"name":"(anonymous_13)","decl":{"start":{"line":113,"column":22},"end":{"line":113,"column":23}},"loc":{"start":{"line":113,"column":28},"end":{"line":113,"column":49}},"line":113},"14":{"name":"(anonymous_14)","decl":{"start":{"line":127,"column":23},"end":{"line":127,"column":24}},"loc":{"start":{"line":127,"column":29},"end":{"line":127,"column":48}},"line":127}},"branchMap":{"0":{"loc":{"start":{"line":15,"column":28},"end":{"line":15,"column":46}},"type":"default-arg","locations":[{"start":{"line":15,"column":40},"end":{"line":15,"column":46}}],"line":15},"1":{"loc":{"start":{"line":21,"column":4},"end":{"line":23,"column":65}},"type":"cond-expr","locations":[{"start":{"line":22,"column":8},"end":{"line":22,"column":71}},{"start":{"line":23,"column":8},"end":{"line":23,"column":65}}],"line":21},"2":{"loc":{"start":{"line":35,"column":4},"end":{"line":41,"column":5}},"type":"if","locations":[{"start":{"line":35,"column":4},"end":{"line":41,"column":5}},{"start":{"line":37,"column":11},"end":{"line":41,"column":5}}],"line":35},"3":{"loc":{"start":{"line":69,"column":6},"end":{"line":78,"column":7}},"type":"if","locations":[{"start":{"line":69,"column":6},"end":{"line":78,"column":7}},{"start":{},"end":{}}],"line":69},"4":{"loc":{"start":{"line":89,"column":6},"end":{"line":89,"column":79}},"type":"cond-expr","locations":[{"start":{"line":89,"column":31},"end":{"line":89,"column":72}},{"start":{"line":89,"column":75},"end":{"line":89,"column":79}}],"line":89},"5":{"loc":{"start":{"line":98,"column":4},"end":{"line":136,"column":5}},"type":"if","locations":[{"start":{"line":98,"column":4},"end":{"line":136,"column":5}},{"start":{"line":108,"column":11},"end":{"line":136,"column":5}}],"line":98},"6":{"loc":{"start":{"line":108,"column":11},"end":{"line":136,"column":5}},"type":"if","locations":[{"start":{"line":108,"column":11},"end":{"line":136,"column":5}},{"start":{"line":118,"column":11},"end":{"line":136,"column":5}}],"line":108}},"s":{"0":0,"1":0,"2":0,"3":0,"4":0,"5":0,"6":0,"7":0,"8":0,"9":0,"10":0,"11":0,"12":0,"13":0,"14":0,"15":0,"16":0,"17":0,"18":0,"19":0,"20":0,"21":0,"22":0,"23":0,"24":0,"25":0,"26":0,"27":0,"28":0,"29":0,"30":0,"31":0,"32":0,"33":0,"34":0,"35":0,"36":0,"37":0,"38":0,"39":0,"40":0,"41":0,"42":0,"43":0,"44":0,"45":0,"46":0,"47":0,"48":0,"49":0,"50":0,"51":0,"52":0,"53":0,"54":0,"55":0,"56":0,"57":0,"58":0},"f":{"0":0,"1":0,"2":0,"3":0,"4":0,"5":0,"6":0,"7":0,"8":0,"9":0,"10":0,"11":0,"12":0,"13":0,"14":0},"b":{"0":[0],"1":[0,0],"2":[0,0],"3":[0,0],"4":[0,0],"5":[0,0],"6":[0,0]}}
,"C:\\MAINFOLDER\\University\\SPRING 2025\\Software Engineering\\Project\\Software-Design-Project\\src\\screens\\ToDoParent.jsx": {"path":"C:\\MAINFOLDER\\University\\SPRING 2025\\Software Engineering\\Project\\Software-Design-Project\\src\\screens\\ToDoParent.jsx","statementMap":{"0":{"start":{"line":11,"column":26},"end":{"line":148,"column":1}},"1":{"start":{"line":12,"column":40},"end":{"line":12,"column":55}},"2":{"start":{"line":13,"column":44},"end":{"line":13,"column":59}},"3":{"start":{"line":14,"column":40},"end":{"line":14,"column":54}},"4":{"start":{"line":15,"column":42},"end":{"line":15,"column":54}},"5":{"start":{"line":16,"column":46},"end":{"line":16,"column":60}},"6":{"start":{"line":18,"column":21},"end":{"line":18,"column":68}},"7":{"start":{"line":19,"column":4},"end":{"line":25,"column":11}},"8":{"start":{"line":20,"column":8},"end":{"line":24,"column":9}},"9":{"start":{"line":21,"column":12},"end":{"line":21,"column":31}},"10":{"start":{"line":23,"column":12},"end":{"line":23,"column":37}},"11":{"start":{"line":27,"column":23},"end":{"line":31,"column":5}},"12":{"start":{"line":28,"column":8},"end":{"line":28,"column":29}},"13":{"start":{"line":29,"column":8},"end":{"line":29,"column":47}},"14":{"start":{"line":30,"column":8},"end":{"line":30,"column":84}},"15":{"start":{"line":33,"column":23},"end":{"line":37,"column":5}},"16":{"start":{"line":34,"column":27},"end":{"line":34,"column":79}},"17":{"start":{"line":34,"column":56},"end":{"line":34,"column":78}},"18":{"start":{"line":35,"column":8},"end":{"line":35,"column":35}},"19":{"start":{"line":36,"column":8},"end":{"line":36,"column":72}},"20":{"start":{"line":39,"column":29},"end":{"line":43,"column":5}},"21":{"start":{"line":40,"column":28},"end":{"line":40,"column":78}},"22":{"start":{"line":40,"column":55},"end":{"line":40,"column":77}},"23":{"start":{"line":41,"column":8},"end":{"line":41,"column":35}},"24":{"start":{"line":42,"column":8},"end":{"line":42,"column":29}},"25":{"start":{"line":49,"column":21},"end":{"line":67,"column":5}},"26":{"start":{"line":50,"column":8},"end":{"line":50,"column":30}},"27":{"start":{"line":51,"column":25},"end":{"line":63,"column":10}},"28":{"start":{"line":52,"column":12},"end":{"line":61,"column":13}},"29":{"start":{"line":53,"column":16},"end":{"line":60,"column":18}},"30":{"start":{"line":62,"column":12},"end":{"line":62,"column":24}},"31":{"start":{"line":64,"column":8},"end":{"line":64,"column":33}},"32":{"start":{"line":65,"column":8},"end":{"line":65,"column":70}},"33":{"start":{"line":66,"column":8},"end":{"line":66,"column":28}},"34":{"start":{"line":69,"column":34},"end":{"line":80,"column":7}},"35":{"start":{"line":70,"column":29},"end":{"line":70,"column":79}},"36":{"start":{"line":70,"column":56},"end":{"line":70,"column":78}},"37":{"start":{"line":71,"column":29},"end":{"line":76,"column":10}},"38":{"start":{"line":72,"column":10},"end":{"line":74,"column":11}},"39":{"start":{"line":73,"column":12},"end":{"line":73,"column":60}},"40":{"start":{"line":75,"column":10},"end":{"line":75,"column":22}},"41":{"start":{"line":77,"column":8},"end":{"line":77,"column":37}},"42":{"start":{"line":78,"column":8},"end":{"line":78,"column":74}},"43":{"start":{"line":79,"column":8},"end":{"line":79,"column":44}},"44":{"start":{"line":82,"column":23},"end":{"line":135,"column":5}},"45":{"start":{"line":83,"column":8},"end":{"line":134,"column":9}},"46":{"start":{"line":84,"column":12},"end":{"line":91,"column":14}},"47":{"start":{"line":88,"column":40},"end":{"line":88,"column":60}},"48":{"start":{"line":92,"column":15},"end":{"line":134,"column":9}},"49":{"start":{"line":93,"column":12},"end":{"line":101,"column":14}},"50":{"start":{"line":97,"column":40},"end":{"line":97,"column":61}},"51":{"start":{"line":103,"column":13},"end":{"line":134,"column":9}},"52":{"start":{"line":104,"column":12},"end":{"line":115,"column":13}},"53":{"start":{"line":117,"column":12},"end":{"line":133,"column":14}},"54":{"start":{"line":125,"column":43},"end":{"line":125,"column":62}},"55":{"start":{"line":137,"column":4},"end":{"line":147,"column":6}}},"fnMap":{"0":{"name":"(anonymous_0)","decl":{"start":{"line":11,"column":26},"end":{"line":11,"column":27}},"loc":{"start":{"line":11,"column":32},"end":{"line":148,"column":1}},"line":11},"1":{"name":"(anonymous_1)","decl":{"start":{"line":19,"column":14},"end":{"line":19,"column":15}},"loc":{"start":{"line":19,"column":20},"end":{"line":25,"column":5}},"line":19},"2":{"name":"(anonymous_2)","decl":{"start":{"line":27,"column":23},"end":{"line":27,"column":24}},"loc":{"start":{"line":27,"column":33},"end":{"line":31,"column":5}},"line":27},"3":{"name":"(anonymous_3)","decl":{"start":{"line":33,"column":23},"end":{"line":33,"column":24}},"loc":{"start":{"line":33,"column":35},"end":{"line":37,"column":5}},"line":33},"4":{"name":"(anonymous_4)","decl":{"start":{"line":34,"column":46},"end":{"line":34,"column":47}},"loc":{"start":{"line":34,"column":56},"end":{"line":34,"column":78}},"line":34},"5":{"name":"(anonymous_5)","decl":{"start":{"line":39,"column":29},"end":{"line":39,"column":30}},"loc":{"start":{"line":39,"column":41},"end":{"line":43,"column":5}},"line":39},"6":{"name":"(anonymous_6)","decl":{"start":{"line":40,"column":45},"end":{"line":40,"column":46}},"loc":{"start":{"line":40,"column":55},"end":{"line":40,"column":77}},"line":40},"7":{"name":"(anonymous_7)","decl":{"start":{"line":49,"column":21},"end":{"line":49,"column":22}},"loc":{"start":{"line":49,"column":34},"end":{"line":67,"column":5}},"line":49},"8":{"name":"(anonymous_8)","decl":{"start":{"line":51,"column":41},"end":{"line":51,"column":42}},"loc":{"start":{"line":51,"column":51},"end":{"line":63,"column":9}},"line":51},"9":{"name":"(anonymous_9)","decl":{"start":{"line":69,"column":34},"end":{"line":69,"column":35}},"loc":{"start":{"line":69,"column":46},"end":{"line":80,"column":7}},"line":69},"10":{"name":"(anonymous_10)","decl":{"start":{"line":70,"column":46},"end":{"line":70,"column":47}},"loc":{"start":{"line":70,"column":56},"end":{"line":70,"column":78}},"line":70},"11":{"name":"(anonymous_11)","decl":{"start":{"line":71,"column":45},"end":{"line":71,"column":46}},"loc":{"start":{"line":71,"column":55},"end":{"line":76,"column":9}},"line":71},"12":{"name":"(anonymous_12)","decl":{"start":{"line":82,"column":23},"end":{"line":82,"column":24}},"loc":{"start":{"line":82,"column":29},"end":{"line":135,"column":5}},"line":82},"13":{"name":"(anonymous_13)","decl":{"start":{"line":88,"column":34},"end":{"line":88,"column":35}},"loc":{"start":{"line":88,"column":40},"end":{"line":88,"column":60}},"line":88},"14":{"name":"(anonymous_14)","decl":{"start":{"line":97,"column":34},"end":{"line":97,"column":35}},"loc":{"start":{"line":97,"column":40},"end":{"line":97,"column":61}},"line":97},"15":{"name":"(anonymous_15)","decl":{"start":{"line":125,"column":37},"end":{"line":125,"column":38}},"loc":{"start":{"line":125,"column":43},"end":{"line":125,"column":62}},"line":125}},"branchMap":{"0":{"loc":{"start":{"line":20,"column":8},"end":{"line":24,"column":9}},"type":"if","locations":[{"start":{"line":20,"column":8},"end":{"line":24,"column":9}},{"start":{"line":22,"column":15},"end":{"line":24,"column":9}}],"line":20},"1":{"loc":{"start":{"line":52,"column":12},"end":{"line":61,"column":13}},"type":"if","locations":[{"start":{"line":52,"column":12},"end":{"line":61,"column":13}},{"start":{},"end":{}}],"line":52},"2":{"loc":{"start":{"line":72,"column":10},"end":{"line":74,"column":11}},"type":"if","locations":[{"start":{"line":72,"column":10},"end":{"line":74,"column":11}},{"start":{},"end":{}}],"line":72},"3":{"loc":{"start":{"line":83,"column":8},"end":{"line":134,"column":9}},"type":"if","locations":[{"start":{"line":83,"column":8},"end":{"line":134,"column":9}},{"start":{"line":92,"column":15},"end":{"line":134,"column":9}}],"line":83},"4":{"loc":{"start":{"line":92,"column":15},"end":{"line":134,"column":9}},"type":"if","locations":[{"start":{"line":92,"column":15},"end":{"line":134,"column":9}},{"start":{"line":103,"column":13},"end":{"line":134,"column":9}}],"line":92},"5":{"loc":{"start":{"line":103,"column":13},"end":{"line":134,"column":9}},"type":"if","locations":[{"start":{"line":103,"column":13},"end":{"line":134,"column":9}},{"start":{"line":116,"column":15},"end":{"line":134,"column":9}}],"line":103}},"s":{"0":1,"1":12,"2":12,"3":12,"4":12,"5":12,"6":12,"7":12,"8":4,"9":0,"10":4,"11":12,"12":1,"13":1,"14":1,"15":12,"16":1,"17":2,"18":1,"19":1,"20":12,"21":0,"22":0,"23":0,"24":0,"25":12,"26":0,"27":0,"28":0,"29":0,"30":0,"31":0,"32":0,"33":0,"34":12,"35":1,"36":1,"37":1,"38":2,"39":1,"40":1,"41":1,"42":1,"43":1,"44":12,"45":12,"46":1,"47":0,"48":11,"49":0,"50":0,"51":11,"52":0,"53":11,"54":1,"55":12},"f":{"0":12,"1":4,"2":1,"3":1,"4":2,"5":0,"6":0,"7":0,"8":0,"9":1,"10":1,"11":2,"12":12,"13":0,"14":0,"15":1},"b":{"0":[0,4],"1":[0,0],"2":[1,1],"3":[1,11],"4":[0,11],"5":[0,11]},"_coverageSchema":"1a1c01bbd47fc00a2c39e90264f33305004495a9","hash":"c7320f92cd4b703b8a3ea0b6b27f51ac2c4ec6fa"}
}
